\BOOKMARK [1][-]{section.1}{\376\377\000I\000n\000t\000r\000o\000d\000u\000c\000t\000i\000o\000n}{}% 1
\BOOKMARK [2][-]{subsection.1.1}{\376\377\000B\000a\000s\000i\000c\000\040\000C\000o\000n\000c\000e\000p\000t\000s}{section.1}% 2
\BOOKMARK [2][-]{subsection.1.2}{\376\377\000T\000r\000a\000n\000s\000i\000e\000n\000t\000\040\000P\000r\000o\000c\000e\000s\000s\000e\000s\000\040\000i\000n\000\040\000R\000C\000,\000\040\000R\000L\000,\000\040\000R\000L\000C\000\040\000S\000e\000r\000i\000e\000s\000\040\000C\000i\000r\000c\000u\000i\000t\000s}{section.1}% 3
\BOOKMARK [3][-]{subsubsection.1.2.1}{\376\377\000R\000C\000\040\000S\000e\000r\000i\000e\000s\000\040\000C\000i\000r\000c\000u\000i\000t}{subsection.1.2}% 4
\BOOKMARK [3][-]{subsubsection.1.2.2}{\376\377\000R\000L\000\040\000S\000e\000r\000i\000e\000s\000\040\000C\000i\000r\000c\000u\000i\000t}{subsection.1.2}% 5
\BOOKMARK [3][-]{subsubsection.1.2.3}{\376\377\000R\000L\000C\000\040\000S\000e\000r\000i\000e\000s\000\040\000C\000i\000r\000c\000u\000i\000t}{subsection.1.2}% 6
\BOOKMARK [2][-]{subsection.1.3}{\376\377\000R\000C\000,\000\040\000R\000L\000\040\000S\000t\000e\000a\000d\000y\000-\000S\000t\000a\000t\000e\000\040\000C\000i\000r\000c\000u\000i\000t\000s}{section.1}% 7
\BOOKMARK [2][-]{subsection.1.4}{\376\377\000R\000L\000C\000\040\000R\000e\000s\000o\000n\000a\000n\000t\000\040\000C\000i\000r\000c\000u\000i\000t}{section.1}% 8
\BOOKMARK [3][-]{subsubsection.1.4.1}{\376\377\000R\000L\000C\000\040\000S\000e\000r\000i\000e\000s\000\040\000C\000i\000r\000c\000u\000i\000t}{subsection.1.4}% 9
\BOOKMARK [3][-]{subsubsection.1.4.2}{\376\377\000R\000e\000s\000o\000n\000a\000n\000c\000e}{subsection.1.4}% 10
\BOOKMARK [3][-]{subsubsection.1.4.3}{\376\377\000Q\000u\000a\000l\000i\000t\000y\000\040\000F\000a\000c\000t\000o\000r\000\040\000i\000n\000\040\000R\000e\000s\000o\000n\000a\000n\000t\000\040\000C\000i\000r\000c\000u\000i\000t\000s}{subsection.1.4}% 11
\BOOKMARK [1][-]{section.2}{\376\377\000A\000p\000p\000a\000r\000a\000t\000u\000s\000\040\000a\000n\000d\000\040\000M\000e\000a\000s\000u\000r\000e\000m\000e\000n\000t\000\040\000P\000r\000o\000c\000e\000d\000u\000r\000e}{}% 12
\BOOKMARK [2][-]{subsection.2.1}{\376\377\000A\000p\000p\000a\000r\000a\000t\000u\000s}{section.2}% 13
\BOOKMARK [2][-]{subsection.2.2}{\376\377\000M\000e\000a\000s\000u\000r\000e\000m\000e\000n\000t\000\040\000P\000r\000o\000c\000e\000d\000u\000r\000e}{section.2}% 14
\BOOKMARK [3][-]{subsubsection.2.2.1}{\376\377\000R\000C\000,\000\040\000R\000L\000\040\000S\000e\000r\000i\000e\000s\000\040\000C\000i\000r\000c\000u\000i\000t}{subsection.2.2}% 15
\BOOKMARK [3][-]{subsubsection.2.2.2}{\376\377\000R\000L\000C\000\040\000S\000e\000r\000i\000e\000s\000\040\000C\000i\000r\000c\000u\000i\000t}{subsection.2.2}% 16
\BOOKMARK [3][-]{subsubsection.2.2.3}{\376\377\000R\000L\000C\000\040\000R\000e\000s\000o\000n\000a\000n\000t\000\040\000C\000i\000r\000c\000u\000i\000t}{subsection.2.2}% 17
\BOOKMARK [3][-]{subsubsection.2.2.4}{\376\377\000C\000a\000t\000i\000o\000n\000s}{subsection.2.2}% 18
\BOOKMARK [2][-]{subsection.2.3}{\376\377\000S\000a\000f\000e\000t\000y\000\040\000N\000o\000t\000i\000c\000e}{section.2}% 19
\BOOKMARK [1][-]{section.3}{\376\377\000E\000x\000p\000e\000r\000i\000m\000e\000n\000t\000a\000l\000\040\000R\000e\000s\000u\000l\000t\000s}{}% 20
\BOOKMARK [2][-]{subsection.3.1}{\376\377\000T\0001\000/\0002\000\040\000M\000e\000a\000s\000u\000r\000e\000m\000e\000n\000t\000\040\000i\000n\000\040\000R\000C\000\040\000S\000e\000r\000i\000e\000s\000\040\000C\000i\000r\000c\000u\000i\000t}{section.3}% 21
\BOOKMARK [2][-]{subsection.3.2}{\376\377\000T\0001\000/\0002\000\040\000M\000e\000a\000s\000u\000r\000e\000m\000e\000n\000t\000\040\000i\000n\000\040\000R\000L\000\040\000S\000e\000r\000i\000e\000s\000\040\000C\000i\000r\000c\000u\000i\000t}{section.3}% 22
\BOOKMARK [2][-]{subsection.3.3}{\376\377\000T\0001\000/\0002\000\040\000M\000e\000a\000s\000u\000r\000e\000m\000e\000n\000t\000\040\000i\000n\000\040\000R\000L\000C\000\040\000S\000e\000r\000i\000e\000s\000\040\000C\000i\000r\000c\000u\000i\000t}{section.3}% 23
\BOOKMARK [2][-]{subsection.3.4}{\376\377\000M\000e\000a\000s\000u\000r\000e\000m\000e\000n\000t\000s\000\040\000f\000o\000r\000\040\000R\000L\000C\000\040\000R\000e\000s\000o\000n\000a\000n\000c\000e\000\040\000C\000i\000r\000c\000u\000i\000t}{section.3}% 24
\BOOKMARK [3][-]{subsubsection.3.4.1}{\376\377\000R\000e\000l\000a\000t\000i\000o\000n\000s\000h\000i\000p\000\040\000o\000f\000\040\000I\000/\000I\000m\000\040\000v\000s\000.\000\040\000f\000/\000f\0000}{subsection.3.4}% 25
\BOOKMARK [3][-]{subsubsection.3.4.2}{\376\377\000P\000h\000a\000s\000e\000\040\000S\000h\000i\000f\000t}{subsection.3.4}% 26
\BOOKMARK [3][-]{subsubsection.3.4.3}{\376\377\000C\000a\000l\000c\000u\000l\000a\000t\000i\000o\000n\000\040\000o\000f\000\040\000R\000e\000s\000o\000n\000a\000t\000e\000\040\000F\000r\000e\000q\000u\000e\000n\000c\000y\000\040\000f\0000\000\040\000a\000n\000d\000\040\000Q\000u\000a\000l\000i\000t\000y\000\040\000F\000a\000c\000t\000o\000r\000\040\000Q}{subsection.3.4}% 27
\BOOKMARK [1][-]{section.4}{\376\377\000U\000n\000c\000e\000r\000t\000a\000i\000n\000t\000y\000\040\000A\000n\000a\000l\000y\000s\000i\000s}{}% 28
\BOOKMARK [2][-]{subsection.4.1}{\376\377\000U\000n\000c\000e\000r\000t\000a\000i\000n\000t\000y\000\040\000o\000f\000\040\000D\000a\000t\000a\000\040\000f\000o\000r\000\040\000R\000C\000\040\000C\000i\000r\000c\000u\000i\000t}{section.4}% 29
\BOOKMARK [2][-]{subsection.4.2}{\376\377\000U\000n\000c\000e\000r\000t\000a\000i\000n\000t\000y\000\040\000o\000f\000\040\000D\000a\000t\000a\000\040\000f\000o\000r\000\040\000R\000L\000\040\000C\000i\000r\000c\000u\000i\000t}{section.4}% 30
\BOOKMARK [2][-]{subsection.4.3}{\376\377\000U\000n\000c\000e\000r\000t\000a\000i\000n\000t\000y\000\040\000o\000f\000\040\000D\000a\000t\000a\000\040\000f\000o\000r\000\040\000R\000L\000C\000\040\000C\000i\000r\000c\000u\000i\000t}{section.4}% 31
\BOOKMARK [2][-]{subsection.4.4}{\376\377\000U\000n\000c\000e\000r\000t\000a\000i\000n\000t\000y\000\040\000o\000f\000\040\000D\000a\000t\000a\000\040\000f\000o\000r\000\040\000R\000L\000C\000\040\000R\000e\000s\000o\000n\000a\000n\000t\000\040\000C\000i\000r\000c\000u\000i\000t}{section.4}% 32
\BOOKMARK [3][-]{subsubsection.4.4.1}{\376\377\000U\000n\000c\000e\000r\000t\000a\000i\000n\000t\000y\000\040\000o\000f\000\040\000I\000/\000I\000m\000\040\000v\000s\000.\000\040\000f\000/\000f\000m\000\040\000R\000e\000l\000a\000t\000i\000o\000n\000s\000h\000i\000p\000\040\000D\000a\000t\000a}{subsection.4.4}% 33
\BOOKMARK [3][-]{subsubsection.4.4.2}{\376\377\000U\000n\000c\000e\000r\000t\000a\000i\000n\000t\000y\000\040\000o\000f\000\040\000P\000h\000a\000s\000e\000\040\000S\000h\000i\000f\000t\000\040\000A\000n\000a\000l\000y\000s\000i\000s}{subsection.4.4}% 34
\BOOKMARK [3][-]{subsubsection.4.4.3}{\376\377\000U\000n\000c\000e\000r\000t\000a\000i\000n\000t\000y\000\040\000f\000o\000r\000\040\000R\000e\000s\000o\000n\000a\000n\000t\000\040\000F\000r\000e\000q\000u\000e\000n\000c\000y\000\040\000f\0000\000\040\000a\000n\000d\000\040\000Q\000u\000a\000l\000i\000t\000y\000\040\000F\000a\000c\000t\000o\000r\000\040\000Q}{subsection.4.4}% 35
\BOOKMARK [1][-]{section.5}{\376\377\000C\000o\000n\000c\000l\000u\000s\000i\000o\000n\000\040\000a\000n\000d\000\040\000D\000i\000s\000c\000u\000s\000s\000i\000o\000n}{}% 36
\BOOKMARK [2][-]{subsection.5.1}{\376\377\000C\000o\000n\000c\000l\000u\000s\000i\000o\000n}{section.5}% 37
\BOOKMARK [2][-]{subsection.5.2}{\376\377\000D\000i\000s\000c\000u\000s\000s\000i\000o\000n}{section.5}% 38
\BOOKMARK [3][-]{subsubsection.5.2.1}{\376\377\000S\000y\000s\000t\000e\000m\000\040\000E\000r\000r\000o\000r\000s}{subsection.5.2}% 39
\BOOKMARK [3][-]{subsubsection.5.2.2}{\376\377\000R\000a\000n\000d\000o\000m\000\040\000E\000r\000r\000o\000r\000s}{subsection.5.2}% 40
\BOOKMARK [3][-]{subsubsection.5.2.3}{\376\377\000I\000m\000p\000r\000o\000v\000e\000m\000e\000n\000t\000s}{subsection.5.2}% 41
\BOOKMARK [1][-]{section.6}{\376\377\000R\000e\000f\000e\000r\000e\000n\000c\000e}{}% 42
