\BOOKMARK [1][-]{section.1}{\376\377\000I\000n\000t\000r\000o\000d\000u\000c\000t\000i\000o\000n}{}% 1
\BOOKMARK [2][-]{subsection.1.1}{\376\377\000B\000a\000s\000i\000c\000\040\000C\000o\000n\000c\000e\000p\000t\000s}{section.1}% 2
\BOOKMARK [2][-]{subsection.1.2}{\376\377\000T\000h\000e\000o\000r\000e\000t\000i\000c\000a\000l\000\040\000B\000a\000s\000i\000s}{section.1}% 3
\BOOKMARK [3][-]{subsubsection.1.2.1}{\376\377\000P\000o\000l\000a\000r\000i\000z\000a\000t\000i\000o\000n\000\040\000o\000f\000\040\000L\000i\000g\000h\000t\000[\0003\000]}{subsection.1.2}% 4
\BOOKMARK [3][-]{subsubsection.1.2.2}{\376\377\000G\000e\000n\000e\000r\000a\000t\000i\000o\000n\000\040\000o\000f\000\040\000E\000l\000l\000i\000p\000t\000i\000c\000a\000l\000l\000y\000\040\000a\000n\000d\000\040\000C\000i\000r\000c\000u\000l\000a\000r\000l\000y\000\040\000P\000o\000l\000a\000r\000i\000z\000e\000d\000\040\000L\000i\000g\000h\000t\000.\000\040\000H\000a\000l\000f\000-\000w\000a\000v\000e\000\040\000a\000n\000d\000\040\000Q\000u\000a\000r\000t\000e\000r\000-\000w\000a\000v\000e\000\040\000P\000l\000a\000t\000e\000s}{subsection.1.2}% 5
\BOOKMARK [1][-]{section.2}{\376\377\000A\000p\000p\000a\000r\000a\000t\000u\000s\000\040\000a\000n\000d\000\040\000M\000e\000a\000s\000u\000r\000e\000m\000e\000n\000t\000\040\000P\000r\000o\000c\000e\000d\000u\000r\000e}{}% 6
\BOOKMARK [2][-]{subsection.2.1}{\376\377\000A\000p\000p\000a\000r\000a\000t\000u\000s}{section.2}% 7
\BOOKMARK [2][-]{subsection.2.2}{\376\377\000M\000e\000a\000s\000u\000r\000e\000m\000e\000n\000t\000\040\000P\000r\000o\000c\000e\000d\000u\000r\000e}{section.2}% 8
\BOOKMARK [3][-]{subsubsection.2.2.1}{\376\377\000A\000p\000p\000a\000r\000a\000t\000u\000s\000\040\000A\000d\000j\000u\000s\000t\000m\000e\000n\000t}{subsection.2.2}% 9
\BOOKMARK [3][-]{subsubsection.2.2.2}{\376\377\000D\000e\000m\000o\000n\000s\000t\000r\000a\000t\000i\000o\000n\000\040\000o\000f\000\040\000M\000a\000l\000u\000s\000'\000\040\000L\000a\000w}{subsection.2.2}% 10
\BOOKMARK [3][-]{subsubsection.2.2.3}{\376\377\000L\000i\000n\000e\000a\000r\000l\000y\000\040\000P\000o\000l\000a\000r\000i\000z\000e\000d\000\040\000L\000i\000g\000h\000t\000\040\000a\000n\000d\000\040\000t\000h\000e\000\040\000H\000a\000l\000f\000-\000w\000a\000v\000e\000\040\000P\000l\000a\000t\000e}{subsection.2.2}% 11
\BOOKMARK [3][-]{subsubsection.2.2.4}{\376\377\000C\000i\000r\000c\000u\000l\000a\000r\000l\000y\000\040\000a\000n\000d\000\040\000E\000l\000l\000i\000p\000t\000i\000c\000a\000l\000l\000y\000\040\000P\000o\000l\000a\000r\000i\000z\000e\000d\000\040\000L\000i\000g\000h\000t\000\040\000a\000n\000d\000\040\000t\000h\000e\000\040\0001\000/\0004\000-\000w\000a\000v\000e\000\040\000P\000l\000a\000t\000e}{subsection.2.2}% 12
\BOOKMARK [2][-]{subsection.2.3}{\376\377\000S\000a\000f\000e\000t\000y\000\040\000N\000o\000t\000i\000c\000e}{section.2}% 13
\BOOKMARK [1][-]{section.3}{\376\377\000E\000x\000p\000e\000r\000i\000m\000e\000n\000t\000a\000l\000\040\000R\000e\000s\000u\000l\000t\000s}{}% 14
\BOOKMARK [2][-]{subsection.3.1}{\376\377\000D\000e\000m\000o\000n\000s\000t\000r\000a\000t\000i\000o\000n\000\040\000o\000f\000\040\000M\000a\000l\000u\000s\000'\000\040\000L\000a\000w}{section.3}% 15
\BOOKMARK [2][-]{subsection.3.2}{\376\377\000L\000i\000n\000e\000a\000r\000l\000y\000\040\000P\000o\000l\000a\000r\000i\000z\000e\000d\000\040\000L\000i\000g\000h\000t\000\040\000a\000n\000d\000\040\000t\000h\000e\000\040\000H\000a\000l\000f\000-\000w\000a\000v\000e\000\040\000P\000l\000a\000t\000e}{section.3}% 16
\BOOKMARK [2][-]{subsection.3.3}{\376\377\000C\000i\000r\000c\000u\000l\000a\000r\000l\000y\000\040\000a\000n\000d\000\040\000E\000l\000l\000i\000p\000t\000i\000c\000a\000l\000l\000y\000\040\000P\000o\000l\000a\000r\000i\000z\000e\000d\000\040\000L\000i\000g\000h\000t\000\040\000a\000n\000d\000\040\000t\000h\000e\000\040\0001\000/\0004\000-\000w\000a\000v\000e\000\040\000P\000l\000a\000t\000e}{section.3}% 17
\BOOKMARK [3][-]{subsubsection.3.3.1}{\376\377\000R\000o\000t\000a\000t\000i\000o\000n\000\040\000A\000n\000g\000l\000e\000:\000\040\0000}{subsection.3.3}% 18
\BOOKMARK [3][-]{subsubsection.3.3.2}{\376\377\000R\000o\000t\000a\000t\000i\000o\000n\000\040\000A\000n\000g\000l\000e\000:\000\040\0002\0000}{subsection.3.3}% 19
\BOOKMARK [3][-]{subsubsection.3.3.3}{\376\377\000R\000o\000t\000a\000t\000i\000o\000n\000\040\000A\000n\000g\000l\000e\000:\000\040\0004\0005}{subsection.3.3}% 20
\BOOKMARK [1][-]{section.4}{\376\377\000U\000n\000c\000e\000r\000t\000a\000i\000n\000t\000y\000\040\000A\000n\000a\000l\000y\000s\000i\000s}{}% 21
\BOOKMARK [2][-]{subsection.4.1}{\376\377\000U\000n\000c\000e\000r\000t\000a\000i\000n\000t\000y\000\040\000f\000o\000r\000\040\000D\000a\000t\000a\000\040\000i\000n\000\040\000D\000e\000m\000o\000n\000s\000t\000r\000a\000t\000i\000o\000n\000\040\000o\000f\000\040\000M\000a\000l\000u\000s\000'\000\040\000L\000a\000w}{section.4}% 22
\BOOKMARK [2][-]{subsection.4.2}{\376\377\000U\000n\000c\000e\000r\000t\000a\000i\000n\000t\000y\000\040\000f\000o\000r\000\040\000L\000i\000n\000e\000a\000r\000l\000y\000\040\000P\000o\000l\000a\000r\000i\000z\000e\000d\000\040\000L\000i\000g\000h\000t\000\040\000a\000n\000d\000\040\000t\000h\000e\000\040\000H\000a\000l\000f\000-\000w\000a\000v\000e\000\040\000P\000l\000a\000t\000e}{section.4}% 23
\BOOKMARK [2][-]{subsection.4.3}{\376\377\000U\000n\000c\000e\000r\000t\000a\000i\000n\000t\000y\000\040\000f\000o\000r\000\040\000C\000i\000r\000c\000u\000l\000a\000r\000l\000y\000\040\000a\000n\000d\000\040\000E\000l\000l\000i\000p\000t\000i\000c\000a\000l\000l\000y\000\040\000P\000o\000l\000a\000r\000i\000z\000e\000d\000\040\000L\000i\000g\000h\000t\000\040\000a\000n\000d\000\040\000t\000h\000e\000\040\0001\000/\0004\000-\000w\000a\000v\000e\000\040\000P\000l\000a\000t\000e}{section.4}% 24
\BOOKMARK [1][-]{section.5}{\376\377\000C\000o\000n\000c\000l\000u\000s\000i\000o\000n\000\040\000a\000n\000d\000\040\000D\000i\000s\000c\000u\000s\000s\000i\000o\000n}{}% 25
\BOOKMARK [2][-]{subsection.5.1}{\376\377\000C\000o\000n\000c\000l\000u\000s\000i\000o\000n}{section.5}% 26
\BOOKMARK [2][-]{subsection.5.2}{\376\377\000D\000e\000m\000o\000n\000s\000t\000r\000a\000t\000i\000o\000n\000\040\000o\000f\000\040\000M\000a\000l\000u\000s\000'\000\040\000L\000a\000w}{section.5}% 27
\BOOKMARK [2][-]{subsection.5.3}{\376\377\000L\000i\000n\000e\000a\000r\000l\000y\000\040\000P\000o\000l\000a\000r\000i\000z\000e\000d\000\040\000L\000i\000g\000h\000t\000\040\000a\000n\000d\000\040\000t\000h\000e\000\040\000H\000a\000l\000f\000-\000w\000a\000v\000e\000\040\000P\000l\000a\000t\000e}{section.5}% 28
\BOOKMARK [2][-]{subsection.5.4}{\376\377\000C\000i\000r\000c\000u\000l\000a\000r\000l\000y\000\040\000a\000n\000d\000\040\000E\000l\000l\000i\000p\000t\000i\000c\000a\000l\000l\000y\000\040\000P\000o\000l\000a\000r\000i\000z\000e\000d\000\040\000L\000i\000g\000h\000t\000\040\000a\000n\000d\000\040\000t\000h\000e\000\040\0001\000/\0004\000-\000w\000a\000v\000e\000\040\000P\000l\000a\000t\000e}{section.5}% 29
\BOOKMARK [2][-]{subsection.5.5}{\376\377\000D\000i\000s\000c\000u\000s\000s\000i\000o\000n}{section.5}% 30
\BOOKMARK [3][-]{subsubsection.5.5.1}{\376\377\000P\000r\000o\000b\000l\000e\000m\000s}{subsection.5.5}% 31
\BOOKMARK [3][-]{subsubsection.5.5.2}{\376\377\000P\000o\000t\000e\000n\000t\000i\000a\000l\000\040\000e\000r\000r\000o\000r\000s}{subsection.5.5}% 32
\BOOKMARK [3][-]{subsubsection.5.5.3}{\376\377\000I\000m\000p\000o\000r\000v\000e\000m\000e\000n\000t\000s}{subsection.5.5}% 33
\BOOKMARK [1][-]{section.6}{\376\377\000R\000e\000f\000e\000r\000e\000n\000c\000e}{}% 34
