\BOOKMARK [1][-]{section.1}{\376\377\000I\000n\000t\000r\000o\000d\000u\000c\000t\000i\000o\000n}{}% 1
\BOOKMARK [2][-]{subsection.1.1}{\376\377\000B\000a\000s\000i\000c\000\040\000C\000o\000n\000c\000e\000p\000t\000s}{section.1}% 2
\BOOKMARK [2][-]{subsection.1.2}{\376\377\000T\000h\000e\000o\000r\000e\000t\000i\000c\000a\000l\000\040\000B\000a\000s\000i\000s}{section.1}% 3
\BOOKMARK [3][-]{subsubsection.1.2.1}{\376\377\000T\000h\000e\000\040\000P\000r\000i\000n\000c\000i\000p\000l\000e\000\040\000o\000f\000\040\000t\000h\000e\000\040\000P\000h\000o\000t\000o\000v\000o\000l\000t\000a\000i\000c\000\040\000E\000f\000f\000e\000c\000t\000[\0001\000]}{subsection.1.2}% 4
\BOOKMARK [3][-]{subsubsection.1.2.2}{\376\377\000S\000o\000l\000a\000r\000\040\000C\000e\000l\000l\000\040\000P\000a\000r\000a\000m\000e\000t\000e\000r\000s}{subsection.1.2}% 5
\BOOKMARK [3][-]{subsubsection.1.2.3}{\376\377\000T\000h\000e\000o\000r\000e\000t\000i\000c\000a\000l\000\040\000G\000r\000a\000p\000h}{subsection.1.2}% 6
\BOOKMARK [3][-]{subsubsection.1.2.4}{\376\377\000S\000o\000l\000a\000r\000\040\000C\000e\000l\000l\000\040\000E\000q\000u\000i\000v\000a\000l\000e\000n\000t\000\040\000C\000i\000r\000c\000u\000i\000t}{subsection.1.2}% 7
\BOOKMARK [1][-]{section.2}{\376\377\000A\000p\000p\000a\000r\000a\000t\000u\000s\000\040\000a\000n\000d\000\040\000M\000e\000a\000s\000u\000r\000e\000m\000e\000n\000t\000\040\000P\000r\000o\000c\000e\000d\000u\000r\000e}{}% 8
\BOOKMARK [2][-]{subsection.2.1}{\376\377\000A\000p\000p\000a\000r\000a\000t\000u\000s}{section.2}% 9
\BOOKMARK [2][-]{subsection.2.2}{\376\377\000M\000e\000a\000s\000u\000r\000e\000m\000e\000n\000t\000\040\000P\000r\000o\000c\000e\000d\000u\000r\000e}{section.2}% 10
\BOOKMARK [2][-]{subsection.2.3}{\376\377\000S\000a\000f\000e\000t\000y\000\040\000N\000o\000t\000i\000c\000e}{section.2}% 11
\BOOKMARK [1][-]{section.3}{\376\377\000E\000x\000p\000e\000r\000i\000m\000e\000n\000t\000a\000l\000\040\000R\000e\000s\000u\000l\000t\000s}{}% 12
\BOOKMARK [2][-]{subsection.3.1}{\376\377\000I\000-\000V\000\040\000C\000h\000a\000r\000a\000c\000t\000e\000r\000i\000s\000t\000i\000c\000s}{section.3}% 13
\BOOKMARK [2][-]{subsection.3.2}{\376\377\000P\000-\000V\000\040\000C\000h\000a\000r\000a\000c\000t\000e\000r\000i\000s\000t\000i\000c\000s}{section.3}% 14
\BOOKMARK [2][-]{subsection.3.3}{\376\377\000O\000t\000h\000e\000r\000\040\000r\000e\000l\000a\000v\000a\000n\000t\000\040\000d\000a\000t\000a}{section.3}% 15
\BOOKMARK [1][-]{section.4}{\376\377\000U\000n\000c\000e\000r\000t\000a\000i\000n\000t\000y\000\040\000A\000n\000a\000l\000y\000s\000i\000s}{}% 16
\BOOKMARK [2][-]{subsection.4.1}{\376\377\000I\000-\000V\000\040\000C\000h\000a\000r\000a\000c\000t\000e\000r\000i\000s\000t\000i\000c\000s}{section.4}% 17
\BOOKMARK [2][-]{subsection.4.2}{\376\377\000P\000-\000V\000\040\000C\000h\000a\000r\000a\000c\000t\000e\000r\000i\000s\000t\000i\000c\000s}{section.4}% 18
\BOOKMARK [2][-]{subsection.4.3}{\376\377\000O\000t\000h\000e\000r\000\040\000r\000e\000l\000e\000v\000a\000n\000t\000\040\000d\000a\000t\000a}{section.4}% 19
\BOOKMARK [3][-]{subsubsection.4.3.1}{\376\377\000R}{subsection.4.3}% 20
\BOOKMARK [3][-]{subsubsection.4.3.2}{\376\377\000U\000o\000c\000,\000\040\000I\000s\000c\000,\000\040\000a\000n\000d\000\040\000P\000m}{subsection.4.3}% 21
\BOOKMARK [3][-]{subsubsection.4.3.3}{\376\377\000F\000i\000l\000l\000\040\000F\000a\000c\000t\000o\000r}{subsection.4.3}% 22
\BOOKMARK [3][-]{subsubsection.4.3.4}{\376\377\000E\000n\000e\000r\000g\000y\000\040\000C\000o\000n\000v\000e\000r\000s\000i\000o\000n\000\040\000E\000f\000f\000i\000c\000i\000e\000n\000c\000y}{subsection.4.3}% 23
\BOOKMARK [1][-]{section.5}{\376\377\000C\000o\000n\000c\000l\000u\000s\000i\000o\000n\000\040\000a\000n\000d\000\040\000D\000i\000s\000c\000u\000s\000s\000i\000o\000n}{}% 24
\BOOKMARK [2][-]{subsection.5.1}{\376\377\000C\000o\000n\000c\000l\000u\000s\000i\000o\000n}{section.5}% 25
\BOOKMARK [2][-]{subsection.5.2}{\376\377\000D\000i\000s\000c\000u\000s\000s\000i\000o\000n}{section.5}% 26
\BOOKMARK [3][-]{subsubsection.5.2.1}{\376\377\000P\000r\000o\000b\000l\000e\000m\000s}{subsection.5.2}% 27
\BOOKMARK [3][-]{subsubsection.5.2.2}{\376\377\000P\000o\000t\000e\000n\000t\000i\000a\000l\000\040\000e\000r\000r\000o\000r\000s}{subsection.5.2}% 28
\BOOKMARK [3][-]{subsubsection.5.2.3}{\376\377\000I\000m\000p\000o\000r\000v\000e\000m\000e\000n\000t\000s}{subsection.5.2}% 29
\BOOKMARK [1][-]{section.6}{\376\377\000R\000e\000f\000e\000r\000e\000n\000c\000e}{}% 30
