\BOOKMARK [1][-]{section.1}{\376\377\000I\000n\000t\000r\000o\000d\000u\000c\000t\000i\000o\000n}{}% 1
\BOOKMARK [2][-]{subsection.1.1}{\376\377\000B\000a\000s\000i\000c\000\040\000C\000o\000n\000c\000e\000p\000t\000s}{section.1}% 2
\BOOKMARK [2][-]{subsection.1.2}{\376\377\000H\000a\000l\000l\000\040\000E\000f\000f\000e\000c\000t}{section.1}% 3
\BOOKMARK [3][-]{subsubsection.1.2.1}{\376\377\000T\000h\000e\000\040\000P\000r\000i\000n\000c\000i\000p\000l\000e\000\040\000o\000f\000\040\000t\000h\000e\000\040\000H\000a\000l\000l\000\040\000E\000f\000f\000e\000c\000t}{subsection.1.2}% 4
\BOOKMARK [3][-]{subsubsection.1.2.2}{\376\377\000L\000o\000r\000e\000n\000t\000z\000\040\000F\000o\000r\000c\000e}{subsection.1.2}% 5
\BOOKMARK [3][-]{subsubsection.1.2.3}{\376\377\000F\000o\000r\000m\000u\000l\000a}{subsection.1.2}% 6
\BOOKMARK [2][-]{subsection.1.3}{\376\377\000I\000n\000t\000e\000g\000r\000a\000t\000e\000d\000\040\000H\000a\000l\000l\000\040\000P\000r\000o\000b\000e}{section.1}% 7
\BOOKMARK [3][-]{subsubsection.1.3.1}{\376\377\000I\000n\000t\000r\000o\000d\000u\000c\000t\000i\000o\000n}{subsection.1.3}% 8
\BOOKMARK [3][-]{subsubsection.1.3.2}{\376\377\000E\000x\000a\000m\000p\000l\000e}{subsection.1.3}% 9
\BOOKMARK [2][-]{subsection.1.4}{\376\377\000M\000a\000g\000n\000e\000t\000i\000c\000\040\000F\000i\000e\000l\000d\000\040\000D\000i\000s\000t\000r\000i\000b\000u\000t\000i\000o\000n\000\040\000I\000n\000s\000i\000d\000e\000\040\000a\000\040\000S\000o\000l\000e\000n\000o\000i\000d}{section.1}% 10
\BOOKMARK [1][-]{section.2}{\376\377\000A\000p\000p\000a\000r\000a\000t\000u\000s\000\040\000a\000n\000d\000\040\000M\000e\000a\000s\000u\000r\000e\000m\000e\000n\000t\000\040\000P\000r\000o\000c\000e\000d\000u\000r\000e}{}% 11
\BOOKMARK [2][-]{subsection.2.1}{\376\377\000A\000p\000p\000a\000r\000a\000t\000u\000s}{section.2}% 12
\BOOKMARK [2][-]{subsection.2.2}{\376\377\000M\000e\000a\000s\000u\000r\000e\000m\000e\000n\000t\000\040\000P\000r\000o\000c\000e\000d\000u\000r\000e}{section.2}% 13
\BOOKMARK [3][-]{subsubsection.2.2.1}{\376\377\000R\000e\000l\000a\000t\000i\000o\000n\000\040\000B\000e\000t\000w\000e\000e\000n\000\040\000S\000e\000n\000s\000i\000t\000i\000v\000i\000t\000y\000\040\000\040\000K\000H\000\040\000\040\000a\000n\000d\000\040\000W\000o\000r\000k\000i\000n\000g\000\040\000V\000o\000l\000t\000a\000g\000e\000\040\000\040\000U\000S\000\040}{subsection.2.2}% 14
\BOOKMARK [3][-]{subsubsection.2.2.2}{\376\377\000R\000e\000l\000a\000t\000i\000o\000n\000\040\000B\000e\000t\000w\000e\000e\000n\000\040\000O\000u\000t\000p\000u\000t\000\040\000V\000o\000l\000t\000a\000g\000e\000\040\000\040\000U\000\040\000\040\000a\000n\000d\000\040\000M\000a\000g\000n\000e\000t\000i\000c\000\040\000F\000i\000e\000l\000d\000\040\000\040\000B\000\040}{subsection.2.2}% 15
\BOOKMARK [3][-]{subsubsection.2.2.3}{\376\377\000M\000a\000g\000n\000e\000t\000i\000c\000\040\000F\000i\000e\000l\000d\000\040\000D\000i\000s\000t\000r\000i\000b\000u\000t\000i\000o\000n\000\040\000I\000n\000s\000i\000d\000e\000\040\000t\000h\000e\000\040\000S\000o\000l\000e\000n\000o\000i\000d}{subsection.2.2}% 16
\BOOKMARK [1][-]{section.3}{\376\377\000E\000x\000p\000e\000r\000i\000m\000e\000n\000t\000a\000l\000\040\000R\000e\000s\000u\000l\000t\000s}{}% 17
\BOOKMARK [2][-]{subsection.3.1}{\376\377\000E\000x\000p\000e\000r\000i\000m\000e\000n\000t\000\040\0001\000\040\000-\000\040\000R\000e\000l\000a\000t\000i\000o\000n\000s\000h\000i\000p\000\040\000B\000e\000t\000w\000e\000e\000n\000\040\000S\000e\000n\000s\000i\000t\000i\000v\000i\000t\000y\000\040\000K\000H\000\040\000a\000n\000d\000\040\000W\000o\000r\000k\000i\000n\000g\000\040\000V\000o\000l\000t\000a\000g\000e\000\040\000U\000S}{section.3}% 18
\BOOKMARK [2][-]{subsection.3.2}{\376\377\000R\000e\000l\000a\000t\000i\000o\000n\000\040\000B\000e\000t\000w\000e\000e\000n\000\040\000O\000u\000t\000p\000u\000t\000\040\000V\000o\000l\000t\000a\000g\000e\000\040\000U\000\040\000a\000n\000d\000\040\000M\000a\000g\000n\000e\000t\000i\000c\000\040\000F\000i\000e\000l\000d\000\040\000B}{section.3}% 19
\BOOKMARK [2][-]{subsection.3.3}{\376\377\000M\000a\000g\000n\000e\000t\000i\000c\000\040\000F\000i\000e\000l\000d\000\040\000D\000i\000s\000t\000r\000i\000b\000u\000t\000i\000o\000n\000\040\000I\000n\000s\000i\000d\000e\000\040\000t\000h\000e\000\040\000S\000o\000l\000e\000n\000o\000i\000d}{section.3}% 20
\BOOKMARK [1][-]{section.4}{\376\377\000U\000n\000c\000e\000r\000t\000a\000i\000n\000t\000y\000\040\000A\000n\000a\000l\000y\000s\000i\000s}{}% 21
\BOOKMARK [2][-]{subsection.4.1}{\376\377\000R\000e\000l\000a\000t\000i\000o\000n\000s\000h\000i\000p\000\040\000B\000e\000t\000w\000e\000e\000n\000\040\000S\000e\000n\000s\000i\000t\000i\000v\000i\000t\000y\000\040\000K\000H\000\040\000a\000n\000d\000\040\000W\000o\000r\000k\000i\000n\000g\000\040\000V\000o\000l\000t\000a\000g\000e\000\040\000U\000S}{section.4}% 22
\BOOKMARK [2][-]{subsection.4.2}{\376\377\000U\000n\000c\000e\000r\000t\000a\000i\000n\000t\000y\000\040\000o\000f\000\040\000I\000n\000p\000u\000t\000\040\000C\000u\000r\000r\000e\000n\000t\000\040\000I\000M\000,\000\040\000O\000u\000t\000p\000u\000t\000\040\000V\000o\000l\000t\000a\000g\000e\000\040\000U\000\040\000a\000n\000d\000\040\000M\000a\000g\000n\000e\000t\000i\000c\000\040\000F\000i\000e\000l\000d\000\040\000B}{section.4}% 23
\BOOKMARK [2][-]{subsection.4.3}{\376\377\000U\000n\000c\000e\000r\000t\000a\000i\000n\000t\000y\000\040\000o\000f\000\040\000M\000a\000g\000n\000e\000t\000i\000c\000\040\000F\000i\000e\000l\000d\000\040\000I\000n\000s\000i\000d\000e\000\040\000t\000h\000e\000\040\000S\000o\000l\000e\000n\000o\000i\000d\000\040\000M\000e\000a\000s\000u\000r\000e\000m\000e\000n\000t}{section.4}% 24
\BOOKMARK [1][-]{section.5}{\376\377\000C\000o\000n\000c\000l\000u\000s\000i\000o\000n\000\040\000a\000n\000d\000\040\000D\000i\000s\000c\000u\000s\000s\000i\000o\000n}{}% 25
\BOOKMARK [2][-]{subsection.5.1}{\376\377\000C\000o\000n\000c\000l\000u\000s\000i\000o\000n}{section.5}% 26
\BOOKMARK [2][-]{subsection.5.2}{\376\377\000D\000i\000s\000c\000u\000s\000s\000i\000o\000n}{section.5}% 27
\BOOKMARK [3][-]{subsubsection.5.2.1}{\376\377\000P\000r\000o\000b\000l\000e\000m\000s}{subsection.5.2}% 28
\BOOKMARK [3][-]{subsubsection.5.2.2}{\376\377\000P\000o\000t\000e\000n\000t\000i\000a\000l\000\040\000e\000r\000r\000o\000r\000s}{subsection.5.2}% 29
\BOOKMARK [3][-]{subsubsection.5.2.3}{\376\377\000I\000m\000p\000o\000r\000v\000e\000m\000e\000n\000t\000s}{subsection.5.2}% 30
\BOOKMARK [1][-]{section.6}{\376\377\000R\000e\000f\000e\000r\000e\000n\000c\000e}{}% 31
